<?xml version="1.0" encoding="UTF-8"?>
<testng-results skipped="0" failed="0" ignored="0" total="1" passed="1">
  <reporter-output>
  </reporter-output>
  <suite name="Suite" duration-ms="8793" started-at="2018-03-04T14:41:55Z" finished-at="2018-03-04T14:42:04Z">
    <groups>
    </groups>
    <test name="Test" duration-ms="8793" started-at="2018-03-04T14:41:55Z" finished-at="2018-03-04T14:42:04Z">
      <class name="selenium.NewTest">
        <test-method status="PASS" signature="script()[pri:0, instance:selenium.NewTest@68be2bc2]" name="script" duration-ms="8759" started-at="2018-03-04T14:41:55Z" finished-at="2018-03-04T14:42:04Z">
          <reporter-output>
          </reporter-output>
        </test-method> <!-- script -->
      </class> <!-- selenium.NewTest -->
    </test> <!-- Test -->
  </suite> <!-- Suite -->
</testng-results>
